<?xml version="1.0" encoding="UTF-8"?>
<!-- Generated by org.testng.reporters.JUnitReportReporter -->
<testsuite hostname="PSL-GGN-679" failures="0" tests="1" name="org.peoplestrong.test.wfm.duaExprmntfunctions" time="0.045" errors="0" timestamp="24 Sep 2018 06:41:27 GMT" skipped="0">
  <testcase classname="org.peoplestrong.test.wfm.duaExprmntfunctions" name="Test1" time="0.045"/>
</testsuite> <!-- org.peoplestrong.test.wfm.duaExprmntfunctions -->
