<?xml version="1.0" encoding="UTF-8"?>
<!-- Generated by org.testng.reporters.JUnitReportReporter -->
<testsuite hostname="PSL-GGN-679" failures="0" tests="1" name="org.peoplestrong.test.wfm.duaTestWFM" time="34.916" errors="0" timestamp="24 Sep 2018 06:35:32 GMT" skipped="0">
  <testcase classname="org.peoplestrong.test.wfm.duaTestWFM" name="applyNewLeave" time="34.916"/>
</testsuite> <!-- org.peoplestrong.test.wfm.duaTestWFM -->
