<?xml version="1.0" encoding="UTF-8"?>
<!-- Generated by org.testng.reporters.JUnitReportReporter -->
<testsuite hostname="PSL-GGN-679" failures="0" tests="3" name="org.peoplestrong.test.wfm.LeavesUsingGroupId" time="62.347" errors="0" timestamp="28 Sep 2018 07:06:57 GMT" skipped="1">
  <testcase classname="org.peoplestrong.test.wfm.LeavesUsingGroupId" name="applyLeaveLessThanMin" time="34.244"/>
  <testcase classname="org.peoplestrong.test.wfm.LeavesUsingGroupId" name="applyLeaveMoreThanMax" time="28.103"/>
  <testcase classname="org.peoplestrong.test.wfm.LeavesUsingGroupId" name="updateDatabasewithMinMaxLeaves">
    <skipped/>
  </testcase> <!-- updateDatabasewithMinMaxLeaves -->
</testsuite> <!-- org.peoplestrong.test.wfm.LeavesUsingGroupId -->
