<?xml version="1.0" encoding="UTF-8"?>
<!-- Generated by org.testng.reporters.JUnitReportReporter -->
<testsuite hostname="PSL-GGN-679" failures="0" tests="1" name="org.peoplestrong.test.wfm.wfm_test_dua" time="0.042" errors="0" timestamp="20 Sep 2018 12:13:11 GMT" skipped="0">
  <testcase classname="org.peoplestrong.test.wfm.wfm_test_dua" name="f" time="0.042"/>
</testsuite> <!-- org.peoplestrong.test.wfm.wfm_test_dua -->
