<?xml version="1.0" encoding="UTF-8"?>
<!-- Generated by org.testng.reporters.JUnitReportReporter -->
<testsuite hostname="PSLL-GGN-435" name="org.peoplestrong.test.hris.TestTest" tests="1" failures="0" timestamp="12 Jul 2018 06:49:37 GMT" time="0.617" errors="0">
  <testcase name="test" time="0.617" classname="org.peoplestrong.test.hris.TestTest"/>
</testsuite> <!-- org.peoplestrong.test.hris.TestTest -->
