<?xml version="1.0" encoding="UTF-8"?>
<!-- Generated by org.testng.reporters.JUnitReportReporter -->
<testsuite hostname="PSL-GGN-679" failures="0" tests="1" name="org.peoplestrong.test.wfm.date" time="0.054" errors="0" timestamp="28 Sep 2018 08:55:56 GMT" skipped="0">
  <testcase classname="org.peoplestrong.test.wfm.date" name="date" time="0.054"/>
</testsuite> <!-- org.peoplestrong.test.wfm.date -->
