<?xml version="1.0" encoding="UTF-8"?>
<!-- Generated by org.testng.reporters.JUnitReportReporter -->
<testsuite hostname="PSL-GGN-679" failures="0" tests="6" name="org.peoplestrong.test.wfm.compOff_Timesheet_AvailedBalance" time="105.575" errors="0" timestamp="27 Sep 2018 09:11:26 GMT" skipped="1">
  <testcase classname="org.peoplestrong.test.wfm.compOff_Timesheet_AvailedBalance" name="applyCompoffLeaveEmployee" time="35.606"/>
  <testcase classname="org.peoplestrong.test.wfm.compOff_Timesheet_AvailedBalance" name="AvaileddateUpdateCompOffApply" time="16.649"/>
  <testcase classname="org.peoplestrong.test.wfm.compOff_Timesheet_AvailedBalance" name="CompOffLeaveRejectedByManager" time="19.146"/>
  <testcase classname="org.peoplestrong.test.wfm.compOff_Timesheet_AvailedBalance" name="CompOffWithdrawByEmployee" time="20.037"/>
  <testcase classname="org.peoplestrong.test.wfm.compOff_Timesheet_AvailedBalance" name="AvaileddateUpdateCompOffReject" time="14.137"/>
  <testcase classname="org.peoplestrong.test.wfm.compOff_Timesheet_AvailedBalance" name="WeekOffTimesheetRegularize">
    <skipped/>
  </testcase> <!-- WeekOffTimesheetRegularize -->
</testsuite> <!-- org.peoplestrong.test.wfm.compOff_Timesheet_AvailedBalance -->
